[35m[1mConsolidate compiler generated dependencies of target limo_control[0m
[ 50%] [32mBuilding CXX object CMakeFiles/limo_control.dir/limo_controller.cpp.o[0m
[01m[K/home/pkotta/ros2_ws/src/ros-task/workspace/limo_control/limo_controller.cpp:[m[K In member function â€˜[01m[Kvoid LimoController::control_robot()[m[Kâ€™:
[01m[K/home/pkotta/ros2_ws/src/ros-task/workspace/limo_control/limo_controller.cpp:101:9:[m[K [01;31m[Kerror: [m[Kâ€˜[01m[Kangle_threshold[m[Kâ€™ was not declared in this scope
  101 |         [01;31m[Kangle_threshold[m[K = 0.1
      |         [01;31m[K^~~~~~~~~~~~~~~[m[K
gmake[2]: *** [CMakeFiles/limo_control.dir/build.make:76: CMakeFiles/limo_control.dir/limo_controller.cpp.o] Error 1
gmake[1]: *** [CMakeFiles/Makefile2:137: CMakeFiles/limo_control.dir/all] Error 2
gmake: *** [Makefile:146: all] Error 2
