[0.047s] Invoking command in '/home/pkotta/ros2_ws/src/ros-task/build/limo_control': CMAKE_PREFIX_PATH=/opt/ros/humble /usr/bin/cmake --build /home/pkotta/ros2_ws/src/ros-task/build/limo_control -- -j20 -l20
[0.185s] [35m[1mConsolidate compiler generated dependencies of target limo_control[0m
[0.218s] [ 50%] [32mBuilding CXX object CMakeFiles/limo_control.dir/limo_controller.cpp.o[0m
[5.272s] [01m[K/home/pkotta/ros2_ws/src/ros-task/workspace/limo_control/limo_controller.cpp:[m[K In member function â€˜[01m[Kvoid LimoController::control_robot()[m[Kâ€™:
[5.272s] [01m[K/home/pkotta/ros2_ws/src/ros-task/workspace/limo_control/limo_controller.cpp:101:9:[m[K [01;31m[Kerror: [m[Kâ€˜[01m[Kangle_threshold[m[Kâ€™ was not declared in this scope
[5.272s]   101 |         [01;31m[Kangle_threshold[m[K = 0.1
[5.272s]       |         [01;31m[K^~~~~~~~~~~~~~~[m[K
[9.780s] gmake[2]: *** [CMakeFiles/limo_control.dir/build.make:76: CMakeFiles/limo_control.dir/limo_controller.cpp.o] Error 1
[9.780s] gmake[1]: *** [CMakeFiles/Makefile2:137: CMakeFiles/limo_control.dir/all] Error 2
[9.781s] gmake: *** [Makefile:146: all] Error 2
[9.787s] Invoked command in '/home/pkotta/ros2_ws/src/ros-task/build/limo_control' returned '2': CMAKE_PREFIX_PATH=/opt/ros/humble /usr/bin/cmake --build /home/pkotta/ros2_ws/src/ros-task/build/limo_control -- -j20 -l20
