[0.036s] Invoking command in '/home/pkotta/ros2_ws/src/ros-task/build/limo_control': CMAKE_PREFIX_PATH=/opt/ros/humble /usr/bin/cmake --build /home/pkotta/ros2_ws/src/ros-task/build/limo_control -- -j20 -l20
[0.173s] [35m[1mConsolidate compiler generated dependencies of target limo_control[0m
[0.203s] [ 50%] [32mBuilding CXX object CMakeFiles/limo_control.dir/limo_controller.cpp.o[0m
[3.278s] [01m[K/home/pkotta/ros2_ws/src/ros-task/workspace/limo_control/limo_controller.cpp:118:2:[m[K [01;31m[Kerror: [m[Kexpected â€˜[01m[K}[m[Kâ€™ at end of input
[3.278s]   118 | }
[3.278s]       |  [01;31m[K^[m[K
[3.278s] [01m[K/home/pkotta/ros2_ws/src/ros-task/workspace/limo_control/limo_controller.cpp:7:1:[m[K [01;36m[Knote: [m[Kto match this â€˜[01m[K{[m[Kâ€™
[3.278s]     7 | [01;36m[K{[m[K
[3.278s]       | [01;36m[K^[m[K
[3.288s] [01m[K/home/pkotta/ros2_ws/src/ros-task/workspace/limo_control/limo_controller.cpp:[m[K In constructor â€˜[01m[KLimoController::LimoController()[m[Kâ€™:
[3.288s] [01m[K/home/pkotta/ros2_ws/src/ros-task/workspace/limo_control/limo_controller.cpp:12:9:[m[K [01;31m[Kerror: [m[Kâ€˜[01m[Kcmd_vel_pub_[m[Kâ€™ was not declared in this scope
[3.288s]    12 |         [01;31m[Kcmd_vel_pub_[m[K = this->create_publisher<geometry_msgs::msg::Twist>("cmd_vel", 10);
[3.288s]       |         [01;31m[K^~~~~~~~~~~~[m[K
[3.302s] [01m[K/home/pkotta/ros2_ws/src/ros-task/workspace/limo_control/limo_controller.cpp:15:9:[m[K [01;31m[Kerror: [m[Kâ€˜[01m[Kodom_sub_[m[Kâ€™ was not declared in this scope
[3.302s]    15 |         [01;31m[Kodom_sub_[m[K = this->create_subscription<nav_msgs::msg::Odometry>(
[3.302s]       |         [01;31m[K^~~~~~~~~[m[K
[3.365s] [01m[K/home/pkotta/ros2_ws/src/ros-task/workspace/limo_control/limo_controller.cpp:19:9:[m[K [01;31m[Kerror: [m[Kâ€˜[01m[Kgoal_x_[m[Kâ€™ was not declared in this scope
[3.366s]    19 |         [01;31m[Kgoal_x_[m[K = 2.0;  // Example goal X position
[3.366s]       |         [01;31m[K^~~~~~~[m[K
[3.372s] [01m[K/home/pkotta/ros2_ws/src/ros-task/workspace/limo_control/limo_controller.cpp:20:9:[m[K [01;31m[Kerror: [m[Kâ€˜[01m[Kgoal_y_[m[Kâ€™ was not declared in this scope
[3.372s]    20 |         [01;31m[Kgoal_y_[m[K = 2.0;  // Example goal Y position
[3.372s]       |         [01;31m[K^~~~~~~[m[K
[3.379s] [01m[K/home/pkotta/ros2_ws/src/ros-task/workspace/limo_control/limo_controller.cpp:21:9:[m[K [01;31m[Kerror: [m[Kâ€˜[01m[Kgoal_theta_[m[Kâ€™ was not declared in this scope
[3.379s]    21 |         [01;31m[Kgoal_theta_[m[K = 0.0;  // Example goal orientation (in radians)
[3.379s]       |         [01;31m[K^~~~~~~~~~~[m[K
[3.386s] [01m[K/home/pkotta/ros2_ws/src/ros-task/workspace/limo_control/limo_controller.cpp:24:9:[m[K [01;31m[Kerror: [m[Kâ€˜[01m[Kcurrent_x_[m[Kâ€™ was not declared in this scope
[3.386s]    24 |         [01;31m[Kcurrent_x_[m[K = 0.0;
[3.386s]       |         [01;31m[K^~~~~~~~~~[m[K
[3.393s] [01m[K/home/pkotta/ros2_ws/src/ros-task/workspace/limo_control/limo_controller.cpp:25:9:[m[K [01;31m[Kerror: [m[Kâ€˜[01m[Kcurrent_y_[m[Kâ€™ was not declared in this scope
[3.393s]    25 |         [01;31m[Kcurrent_y_[m[K = 0.0;
[3.393s]       |         [01;31m[K^~~~~~~~~~[m[K
[3.401s] [01m[K/home/pkotta/ros2_ws/src/ros-task/workspace/limo_control/limo_controller.cpp:26:9:[m[K [01;31m[Kerror: [m[Kâ€˜[01m[Kcurrent_theta_[m[Kâ€™ was not declared in this scope
[3.401s]    26 |         [01;31m[Kcurrent_theta_[m[K = 0.0;
[3.401s]       |         [01;31m[K^~~~~~~~~~~~~~[m[K
[3.412s] [01m[K/home/pkotta/ros2_ws/src/ros-task/workspace/limo_control/limo_controller.cpp:[m[K In member function â€˜[01m[Kvoid LimoController::odom_callback(nav_msgs::msg::Odometry_<std::allocator<void> >::SharedPtr)[m[Kâ€™:
[3.412s] [01m[K/home/pkotta/ros2_ws/src/ros-task/workspace/limo_control/limo_controller.cpp:33:9:[m[K [01;31m[Kerror: [m[Kâ€˜[01m[Kcurrent_x_[m[Kâ€™ was not declared in this scope
[3.412s]    33 |         [01;31m[Kcurrent_x_[m[K = msg->pose.pose.position.x;
[3.412s]       |         [01;31m[K^~~~~~~~~~[m[K
[3.418s] [01m[K/home/pkotta/ros2_ws/src/ros-task/workspace/limo_control/limo_controller.cpp:34:9:[m[K [01;31m[Kerror: [m[Kâ€˜[01m[Kcurrent_y_[m[Kâ€™ was not declared in this scope
[3.418s]    34 |         [01;31m[Kcurrent_y_[m[K = msg->pose.pose.position.y;
[3.419s]       |         [01;31m[K^~~~~~~~~~[m[K
[3.427s] [01m[K/home/pkotta/ros2_ws/src/ros-task/workspace/limo_control/limo_controller.cpp:43:9:[m[K [01;31m[Kerror: [m[Kâ€˜[01m[Kcurrent_theta_[m[Kâ€™ was not declared in this scope
[3.427s]    43 |         [01;31m[Kcurrent_theta_[m[K = atan2(2.0 * (qw * qz + qx * qy), 1.0 - 2.0 * (qy * qy + qz * qz));
[3.427s]       |         [01;31m[K^~~~~~~~~~~~~~[m[K
[3.434s] In file included from [01m[K/opt/ros/humble/include/rclcpp/rclcpp/logging.hpp:24[m[K,
[3.434s]                  from [01m[K/opt/ros/humble/include/rclcpp/rclcpp/client.hpp:40[m[K,
[3.434s]                  from [01m[K/opt/ros/humble/include/rclcpp/rclcpp/callback_group.hpp:24[m[K,
[3.434s]                  from [01m[K/opt/ros/humble/include/rclcpp/rclcpp/any_executable.hpp:20[m[K,
[3.434s]                  from [01m[K/opt/ros/humble/include/rclcpp/rclcpp/memory_strategy.hpp:25[m[K,
[3.434s]                  from [01m[K/opt/ros/humble/include/rclcpp/rclcpp/memory_strategies.hpp:18[m[K,
[3.434s]                  from [01m[K/opt/ros/humble/include/rclcpp/rclcpp/executor_options.hpp:20[m[K,
[3.434s]                  from [01m[K/opt/ros/humble/include/rclcpp/rclcpp/executor.hpp:37[m[K,
[3.434s]                  from [01m[K/opt/ros/humble/include/rclcpp/rclcpp/executors/multi_threaded_executor.hpp:25[m[K,
[3.434s]                  from [01m[K/opt/ros/humble/include/rclcpp/rclcpp/executors.hpp:21[m[K,
[3.434s]                  from [01m[K/opt/ros/humble/include/rclcpp/rclcpp/rclcpp.hpp:155[m[K,
[3.435s]                  from [01m[K/home/pkotta/ros2_ws/src/ros-task/workspace/limo_control/limo_controller.cpp:1[m[K:
[3.435s] [01m[K/home/pkotta/ros2_ws/src/ros-task/workspace/limo_control/limo_controller.cpp:[m[K In member function â€˜[01m[Kvoid LimoController::control_robot()[m[Kâ€™:
[3.435s] [01m[K/home/pkotta/ros2_ws/src/ros-task/workspace/limo_control/limo_controller.cpp:53:89:[m[K [01;31m[Kerror: [m[Kâ€˜[01m[Kcurrent_x_[m[Kâ€™ was not declared in this scope
[3.435s]    53 | rent Position: x=%.2f, y=%.2f, theta=%.2f", [01;31m[Kcurrent_x_[m[K, current_y_, current_theta_);
[3.435s]       |                                             [01;31m[K^~~~~~~~~~[m[K
[3.435s] 
[3.441s] [01m[K/home/pkotta/ros2_ws/src/ros-task/workspace/limo_control/limo_controller.cpp:53:101:[m[K [01;31m[Kerror: [m[Kâ€˜[01m[Kcurrent_y_[m[Kâ€™ was not declared in this scope
[3.441s]    53 | n: x=%.2f, y=%.2f, theta=%.2f", current_x_, [01;31m[Kcurrent_y_[m[K, current_theta_);
[3.441s]       |                                             [01;31m[K^~~~~~~~~~[m[K
[3.441s] 
[3.449s] [01m[K/home/pkotta/ros2_ws/src/ros-task/workspace/limo_control/limo_controller.cpp:53:113:[m[K [01;31m[Kerror: [m[Kâ€˜[01m[Kcurrent_theta_[m[Kâ€™ was not declared in this scope
[3.449s]    53 | =%.2f, theta=%.2f", current_x_, current_y_, [01;31m[Kcurrent_theta_[m[K);
[3.449s]       |                                             [01;31m[K^~~~~~~~~~~~~~[m[K
[3.449s] 
[3.454s] [01m[K/home/pkotta/ros2_ws/src/ros-task/workspace/limo_control/limo_controller.cpp:56:21:[m[K [01;31m[Kerror: [m[Kâ€˜[01m[Kgoal_x_[m[Kâ€™ was not declared in this scope
[3.454s]    56 |         double dx = [01;31m[Kgoal_x_[m[K - current_x_;
[3.455s]       |                     [01;31m[K^~~~~~~[m[K
[3.462s] [01m[K/home/pkotta/ros2_ws/src/ros-task/workspace/limo_control/limo_controller.cpp:56:31:[m[K [01;31m[Kerror: [m[Kâ€˜[01m[Kcurrent_x_[m[Kâ€™ was not declared in this scope
[3.462s]    56 |         double dx = goal_x_ - [01;31m[Kcurrent_x_[m[K;
[3.462s]       |                               [01;31m[K^~~~~~~~~~[m[K
[3.468s] [01m[K/home/pkotta/ros2_ws/src/ros-task/workspace/limo_control/limo_controller.cpp:57:21:[m[K [01;31m[Kerror: [m[Kâ€˜[01m[Kgoal_y_[m[Kâ€™ was not declared in this scope
[3.468s]    57 |         double dy = [01;31m[Kgoal_y_[m[K - current_y_;
[3.468s]       |                     [01;31m[K^~~~~~~[m[K
[3.474s] [01m[K/home/pkotta/ros2_ws/src/ros-task/workspace/limo_control/limo_controller.cpp:57:31:[m[K [01;31m[Kerror: [m[Kâ€˜[01m[Kcurrent_y_[m[Kâ€™ was not declared in this scope
[3.475s]    57 |         double dy = goal_y_ - [01;31m[Kcurrent_y_[m[K;
[3.475s]       |                               [01;31m[K^~~~~~~~~~[m[K
[3.483s] [01m[K/home/pkotta/ros2_ws/src/ros-task/workspace/limo_control/limo_controller.cpp:60:45:[m[K [01;31m[Kerror: [m[Kâ€˜[01m[Kcurrent_theta_[m[Kâ€™ was not declared in this scope
[3.483s]    60 |         double angle_diff = angle_to_goal - [01;31m[Kcurrent_theta_[m[K;
[3.483s]       |                                             [01;31m[K^~~~~~~~~~~~~~[m[K
[3.491s] [01m[K/home/pkotta/ros2_ws/src/ros-task/workspace/limo_control/limo_controller.cpp:71:13:[m[K [01;31m[Kerror: [m[Kâ€˜[01m[Kcmd_vel_pub_[m[Kâ€™ was not declared in this scope; did you mean â€˜[01m[Kcmd_vel_msg[m[Kâ€™?
[3.491s]    71 |             [01;31m[Kcmd_vel_pub_[m[K->publish(cmd_vel_msg);
[3.491s]       |             [01;31m[K^~~~~~~~~~~~[m[K
[3.491s]       |             [32m[Kcmd_vel_msg[m[K
[3.498s] [01m[K/home/pkotta/ros2_ws/src/ros-task/workspace/limo_control/limo_controller.cpp:94:13:[m[K [01;31m[Kerror: [m[Kâ€˜[01m[Kcmd_vel_pub_[m[Kâ€™ was not declared in this scope; did you mean â€˜[01m[Kcmd_vel_msg[m[Kâ€™?
[3.498s]    94 |             [01;31m[Kcmd_vel_pub_[m[K->publish(cmd_vel_msg);
[3.499s]       |             [01;31m[K^~~~~~~~~~~~[m[K
[3.499s]       |             [32m[Kcmd_vel_msg[m[K
[3.499s] [01m[K/home/pkotta/ros2_ws/src/ros-task/workspace/limo_control/limo_controller.cpp:97:1:[m[K [01;31m[Kerror: [m[Kexpected primary-expression before â€˜[01m[Kprivate[m[Kâ€™
[3.499s]    97 | [01;31m[Kprivate[m[K:
[3.499s]       | [01;31m[K^~~~~~~[m[K
[3.499s] [01m[K/home/pkotta/ros2_ws/src/ros-task/workspace/limo_control/limo_controller.cpp:109:12:[m[K [01;35m[Kwarning: [m[Kunused variable â€˜[01m[Kgoal_theta_[m[Kâ€™ [[01;35m[K]8;;https://gcc.gnu.org/onlinedocs/gcc/Warning-Options.html#index-Wunused-variable-Wunused-variable]8;;[m[K]
[3.499s]   109 |     double [01;35m[Kgoal_theta_[m[K;
[3.499s]       |            [01;35m[K^~~~~~~~~~~[m[K
[3.504s] [01m[K/home/pkotta/ros2_ws/src/ros-task/workspace/limo_control/limo_controller.cpp:[m[K At global scope:
[3.504s] [01m[K/home/pkotta/ros2_ws/src/ros-task/workspace/limo_control/limo_controller.cpp:118:2:[m[K [01;31m[Kerror: [m[Kexpected unqualified-id at end of input
[3.504s]   118 | }
[3.505s]       |  [01;31m[K^[m[K
[6.086s] gmake[2]: *** [CMakeFiles/limo_control.dir/build.make:76: CMakeFiles/limo_control.dir/limo_controller.cpp.o] Error 1
[6.086s] gmake[1]: *** [CMakeFiles/Makefile2:137: CMakeFiles/limo_control.dir/all] Error 2
[6.087s] gmake: *** [Makefile:146: all] Error 2
[6.090s] Invoked command in '/home/pkotta/ros2_ws/src/ros-task/build/limo_control' returned '2': CMAKE_PREFIX_PATH=/opt/ros/humble /usr/bin/cmake --build /home/pkotta/ros2_ws/src/ros-task/build/limo_control -- -j20 -l20
