[0.033s] Invoking command in '/home/pkotta/ros2_ws/src/ros-task/build/limo_control': CMAKE_PREFIX_PATH=/opt/ros/humble /usr/bin/cmake --build /home/pkotta/ros2_ws/src/ros-task/build/limo_control -- -j20 -l20
[0.195s] [35m[1mConsolidate compiler generated dependencies of target limo_control[0m
[0.235s] [ 50%] [32mBuilding CXX object CMakeFiles/limo_control.dir/limo_controller.cpp.o[0m
[3.674s] [01m[K/home/pkotta/ros2_ws/src/ros-task/workspace/limo_control/limo_controller.cpp:[m[K In constructor â€˜[01m[KLimoController::LimoController()[m[Kâ€™:
[3.675s] [01m[K/home/pkotta/ros2_ws/src/ros-task/workspace/limo_control/limo_controller.cpp:13:36:[m[K [01;31m[Kerror: [m[Kâ€˜[01m[KLimoControllerController[m[Kâ€™ has not been declared
[3.675s]    13 |             "odom", 10, std::bind(&[01;31m[KLimoControllerController[m[K::odom_callback, this, std::placeholders::_1));
[3.675s]       |                                    [01;31m[K^~~~~~~~~~~~~~~~~~~~~~~~[m[K
[5.242s] gmake[2]: *** [CMakeFiles/limo_control.dir/build.make:76: CMakeFiles/limo_control.dir/limo_controller.cpp.o] Error 1
[5.243s] gmake[1]: *** [CMakeFiles/Makefile2:137: CMakeFiles/limo_control.dir/all] Error 2
[5.243s] gmake: *** [Makefile:146: all] Error 2
[5.250s] Invoked command in '/home/pkotta/ros2_ws/src/ros-task/build/limo_control' returned '2': CMAKE_PREFIX_PATH=/opt/ros/humble /usr/bin/cmake --build /home/pkotta/ros2_ws/src/ros-task/build/limo_control -- -j20 -l20
