[0.041s] Invoking command in '/home/pkotta/ros2_ws/src/ros-task/build/limo_control': CMAKE_PREFIX_PATH=/opt/ros/humble /usr/bin/cmake --build /home/pkotta/ros2_ws/src/ros-task/build/limo_control -- -j20 -l20
[0.121s] [35m[1mConsolidate compiler generated dependencies of target limo_control[0m
[0.161s] [ 50%] [32mBuilding CXX object CMakeFiles/limo_control.dir/limo_controller.cpp.o[0m
[4.412s] [01m[K/home/pkotta/ros2_ws/src/ros-task/workspace/limo_control/limo_controller.cpp:203:9:[m[K [01;31m[Kerror: [m[Kâ€˜[01m[Kcmd_vel_msg[m[Kâ€™ does not name a type
[4.413s]   203 |         [01;31m[Kcmd_vel_msg[m[K.linear.x = Kp_linear * distance;
[4.413s]       |         [01;31m[K^~~~~~~~~~~[m[K
[4.413s] [01m[K/home/pkotta/ros2_ws/src/ros-task/workspace/limo_control/limo_controller.cpp:207:9:[m[K [01;31m[Kerror: [m[Kexpected unqualified-id before â€˜[01m[Kif[m[Kâ€™
[4.413s]   207 |         [01;31m[Kif[m[K (fabs(angle_diff) > 0.3) {
[4.414s]       |         [01;31m[K^~[m[K
[4.414s] [01m[K/home/pkotta/ros2_ws/src/ros-task/workspace/limo_control/limo_controller.cpp:209:11:[m[K [01;31m[Kerror: [m[Kexpected unqualified-id before â€˜[01m[Kelse[m[Kâ€™
[4.414s]   209 |         } [01;31m[Kelse[m[K {
[4.414s]       |           [01;31m[K^~~~[m[K
[4.415s] [01m[K/home/pkotta/ros2_ws/src/ros-task/workspace/limo_control/limo_controller.cpp:214:9:[m[K [01;31m[Kerror: [m[Kâ€˜[01m[Kcmd_vel_msg[m[Kâ€™ does not name a type
[4.415s]   214 |         [01;31m[Kcmd_vel_msg[m[K.angular.z = command_angle;
[4.415s]       |         [01;31m[K^~~~~~~~~~~[m[K
[4.419s] [01m[K/home/pkotta/ros2_ws/src/ros-task/workspace/limo_control/limo_controller.cpp:217:9:[m[K [01;31m[Kerror: [m[Kâ€˜[01m[Kcmd_vel_pub_[m[Kâ€™ does not name a type
[4.419s]   217 |         [01;31m[Kcmd_vel_pub_[m[K->publish(cmd_vel_msg);
[4.420s]       |         [01;31m[K^~~~~~~~~~~~[m[K
[4.420s] [01m[K/home/pkotta/ros2_ws/src/ros-task/workspace/limo_control/limo_controller.cpp:218:6:[m[K [01;31m[Kerror: [m[Kexpected â€˜[01m[K;[m[Kâ€™ after class definition
[4.420s]   218 |     }
[4.420s]       |      [01;31m[K^[m[K
[4.420s]       |      [32m[K;[m[K
[4.431s] [01m[K/home/pkotta/ros2_ws/src/ros-task/workspace/limo_control/limo_controller.cpp:[m[K In constructor â€˜[01m[KLimoController::LimoController()[m[Kâ€™:
[4.432s] [01m[K/home/pkotta/ros2_ws/src/ros-task/workspace/limo_control/limo_controller.cpp:12:9:[m[K [01;31m[Kerror: [m[Kâ€˜[01m[Kcmd_vel_pub_[m[Kâ€™ was not declared in this scope; did you mean â€˜[01m[Kcmd_vel_msg[m[Kâ€™?
[4.432s]    12 |         [01;31m[Kcmd_vel_pub_[m[K = this->create_publisher<geometry_msgs::msg::Twist>("cmd_vel", 10);
[4.432s]       |         [01;31m[K^~~~~~~~~~~~[m[K
[4.432s]       |         [32m[Kcmd_vel_msg[m[K
[4.451s] [01m[K/home/pkotta/ros2_ws/src/ros-task/workspace/limo_control/limo_controller.cpp:15:9:[m[K [01;31m[Kerror: [m[Kâ€˜[01m[Kodom_sub_[m[Kâ€™ was not declared in this scope
[4.451s]    15 |         [01;31m[Kodom_sub_[m[K = this->create_subscription<nav_msgs::msg::Odometry>(
[4.451s]       |         [01;31m[K^~~~~~~~~[m[K
[4.573s] [01m[K/home/pkotta/ros2_ws/src/ros-task/workspace/limo_control/limo_controller.cpp:19:9:[m[K [01;31m[Kerror: [m[Kâ€˜[01m[Kgoal_x_[m[Kâ€™ was not declared in this scope
[4.574s]    19 |         [01;31m[Kgoal_x_[m[K = 2.0;  // Example goal X position
[4.574s]       |         [01;31m[K^~~~~~~[m[K
[4.582s] [01m[K/home/pkotta/ros2_ws/src/ros-task/workspace/limo_control/limo_controller.cpp:20:9:[m[K [01;31m[Kerror: [m[Kâ€˜[01m[Kgoal_y_[m[Kâ€™ was not declared in this scope
[4.582s]    20 |         [01;31m[Kgoal_y_[m[K = 2.0;  // Example goal Y position
[4.582s]       |         [01;31m[K^~~~~~~[m[K
[4.591s] [01m[K/home/pkotta/ros2_ws/src/ros-task/workspace/limo_control/limo_controller.cpp:21:9:[m[K [01;31m[Kerror: [m[Kâ€˜[01m[Kgoal_theta_[m[Kâ€™ was not declared in this scope
[4.592s]    21 |         [01;31m[Kgoal_theta_[m[K = 3.0;  // Example goal orientation (in radians)
[4.592s]       |         [01;31m[K^~~~~~~~~~~[m[K
[4.603s] [01m[K/home/pkotta/ros2_ws/src/ros-task/workspace/limo_control/limo_controller.cpp:24:9:[m[K [01;31m[Kerror: [m[Kâ€˜[01m[Kcurrent_x_[m[Kâ€™ was not declared in this scope
[4.603s]    24 |         [01;31m[Kcurrent_x_[m[K = 0.0;
[4.603s]       |         [01;31m[K^~~~~~~~~~[m[K
[4.616s] [01m[K/home/pkotta/ros2_ws/src/ros-task/workspace/limo_control/limo_controller.cpp:25:9:[m[K [01;31m[Kerror: [m[Kâ€˜[01m[Kcurrent_y_[m[Kâ€™ was not declared in this scope
[4.616s]    25 |         [01;31m[Kcurrent_y_[m[K = 0.0;
[4.616s]       |         [01;31m[K^~~~~~~~~~[m[K
[4.627s] [01m[K/home/pkotta/ros2_ws/src/ros-task/workspace/limo_control/limo_controller.cpp:26:9:[m[K [01;31m[Kerror: [m[Kâ€˜[01m[Kcurrent_theta_[m[Kâ€™ was not declared in this scope
[4.628s]    26 |         [01;31m[Kcurrent_theta_[m[K = 0.0;
[4.628s]       |         [01;31m[K^~~~~~~~~~~~~~[m[K
[4.643s] [01m[K/home/pkotta/ros2_ws/src/ros-task/workspace/limo_control/limo_controller.cpp:[m[K In member function â€˜[01m[Kvoid LimoController::odom_callback(nav_msgs::msg::Odometry_<std::allocator<void> >::SharedPtr)[m[Kâ€™:
[4.643s] [01m[K/home/pkotta/ros2_ws/src/ros-task/workspace/limo_control/limo_controller.cpp:33:9:[m[K [01;31m[Kerror: [m[Kâ€˜[01m[Kcurrent_x_[m[Kâ€™ was not declared in this scope
[4.644s]    33 |         [01;31m[Kcurrent_x_[m[K = msg->pose.pose.position.x;
[4.644s]       |         [01;31m[K^~~~~~~~~~[m[K
[4.653s] [01m[K/home/pkotta/ros2_ws/src/ros-task/workspace/limo_control/limo_controller.cpp:34:9:[m[K [01;31m[Kerror: [m[Kâ€˜[01m[Kcurrent_y_[m[Kâ€™ was not declared in this scope
[4.653s]    34 |         [01;31m[Kcurrent_y_[m[K = msg->pose.pose.position.y;
[4.653s]       |         [01;31m[K^~~~~~~~~~[m[K
[4.664s] [01m[K/home/pkotta/ros2_ws/src/ros-task/workspace/limo_control/limo_controller.cpp:43:9:[m[K [01;31m[Kerror: [m[Kâ€˜[01m[Kcurrent_theta_[m[Kâ€™ was not declared in this scope
[4.665s]    43 |         [01;31m[Kcurrent_theta_[m[K = atan2(2.0 * (qw * qz + qx * qy), 1.0 - 2.0 * (qy * qy + qz * qz));
[4.665s]       |         [01;31m[K^~~~~~~~~~~~~~[m[K
[4.675s] In file included from [01m[K/opt/ros/humble/include/rclcpp/rclcpp/logging.hpp:24[m[K,
[4.675s]                  from [01m[K/opt/ros/humble/include/rclcpp/rclcpp/client.hpp:40[m[K,
[4.675s]                  from [01m[K/opt/ros/humble/include/rclcpp/rclcpp/callback_group.hpp:24[m[K,
[4.675s]                  from [01m[K/opt/ros/humble/include/rclcpp/rclcpp/any_executable.hpp:20[m[K,
[4.675s]                  from [01m[K/opt/ros/humble/include/rclcpp/rclcpp/memory_strategy.hpp:25[m[K,
[4.676s]                  from [01m[K/opt/ros/humble/include/rclcpp/rclcpp/memory_strategies.hpp:18[m[K,
[4.676s]                  from [01m[K/opt/ros/humble/include/rclcpp/rclcpp/executor_options.hpp:20[m[K,
[4.676s]                  from [01m[K/opt/ros/humble/include/rclcpp/rclcpp/executor.hpp:37[m[K,
[4.676s]                  from [01m[K/opt/ros/humble/include/rclcpp/rclcpp/executors/multi_threaded_executor.hpp:25[m[K,
[4.676s]                  from [01m[K/opt/ros/humble/include/rclcpp/rclcpp/executors.hpp:21[m[K,
[4.676s]                  from [01m[K/opt/ros/humble/include/rclcpp/rclcpp/rclcpp.hpp:155[m[K,
[4.677s]                  from [01m[K/home/pkotta/ros2_ws/src/ros-task/workspace/limo_control/limo_controller.cpp:1[m[K:
[4.677s] [01m[K/home/pkotta/ros2_ws/src/ros-task/workspace/limo_control/limo_controller.cpp:[m[K In member function â€˜[01m[Kvoid LimoController::control_robot()[m[Kâ€™:
[4.677s] [01m[K/home/pkotta/ros2_ws/src/ros-task/workspace/limo_control/limo_controller.cpp:87:89:[m[K [01;31m[Kerror: [m[Kâ€˜[01m[Kcurrent_x_[m[Kâ€™ was not declared in this scope
[4.677s]    87 | INFO(this->get_logger(), "Current Position: x=%.2f, y=%.2f, theta=%.2f", [01;31m[Kcurrent_x_[m[K, current_y_, current_theta_);
[4.677s]       |                                                                          [01;31m[K^~~~~~~~~~[m[K
[4.677s] 
[4.684s] [01m[K/home/pkotta/ros2_ws/src/ros-task/workspace/limo_control/limo_controller.cpp:87:101:[m[K [01;31m[Kerror: [m[Kâ€˜[01m[Kcurrent_y_[m[Kâ€™ was not declared in this scope
[4.684s]    87 | et_logger(), "Current Position: x=%.2f, y=%.2f, theta=%.2f", current_x_, [01;31m[Kcurrent_y_[m[K, current_theta_);
[4.684s]       |                                                                          [01;31m[K^~~~~~~~~~[m[K
[4.684s] 
[4.697s] [01m[K/home/pkotta/ros2_ws/src/ros-task/workspace/limo_control/limo_controller.cpp:87:113:[m[K [01;31m[Kerror: [m[Kâ€˜[01m[Kcurrent_theta_[m[Kâ€™ was not declared in this scope
[4.697s]    87 |  "Current Position: x=%.2f, y=%.2f, theta=%.2f", current_x_, current_y_, [01;31m[Kcurrent_theta_[m[K);
[4.697s]       |                                                                          [01;31m[K^~~~~~~~~~~~~~[m[K
[4.697s] 
[4.706s] [01m[K/home/pkotta/ros2_ws/src/ros-task/workspace/limo_control/limo_controller.cpp:90:29:[m[K [01;31m[Kerror: [m[Kâ€˜[01m[Kgoal_theta_[m[Kâ€™ was not declared in this scope
[4.707s]    90 |         double goal_angle = [01;31m[Kgoal_theta_[m[K;  // Using the target goal angle directly
[4.707s]       |                             [01;31m[K^~~~~~~~~~~[m[K
[4.719s] [01m[K/home/pkotta/ros2_ws/src/ros-task/workspace/limo_control/limo_controller.cpp:91:42:[m[K [01;31m[Kerror: [m[Kâ€˜[01m[Kcurrent_theta_[m[Kâ€™ was not declared in this scope
[4.719s]    91 |         double angle_diff = goal_angle - [01;31m[Kcurrent_theta_[m[K;
[4.719s]       |                                          [01;31m[K^~~~~~~~~~~~~~[m[K
[4.727s] [01m[K/home/pkotta/ros2_ws/src/ros-task/workspace/limo_control/limo_controller.cpp:98:21:[m[K [01;31m[Kerror: [m[Kâ€˜[01m[Kgoal_x_[m[Kâ€™ was not declared in this scope
[4.727s]    98 |         double dx = [01;31m[Kgoal_x_[m[K - current_x_;
[4.728s]       |                     [01;31m[K^~~~~~~[m[K
[4.736s] [01m[K/home/pkotta/ros2_ws/src/ros-task/workspace/limo_control/limo_controller.cpp:98:31:[m[K [01;31m[Kerror: [m[Kâ€˜[01m[Kcurrent_x_[m[Kâ€™ was not declared in this scope
[4.737s]    98 |         double dx = goal_x_ - [01;31m[Kcurrent_x_[m[K;
[4.737s]       |                               [01;31m[K^~~~~~~~~~[m[K
[4.745s] [01m[K/home/pkotta/ros2_ws/src/ros-task/workspace/limo_control/limo_controller.cpp:99:21:[m[K [01;31m[Kerror: [m[Kâ€˜[01m[Kgoal_y_[m[Kâ€™ was not declared in this scope
[4.745s]    99 |         double dy = [01;31m[Kgoal_y_[m[K - current_y_;
[4.745s]       |                     [01;31m[K^~~~~~~[m[K
[4.754s] [01m[K/home/pkotta/ros2_ws/src/ros-task/workspace/limo_control/limo_controller.cpp:99:31:[m[K [01;31m[Kerror: [m[Kâ€˜[01m[Kcurrent_y_[m[Kâ€™ was not declared in this scope
[4.754s]    99 |         double dy = goal_y_ - [01;31m[Kcurrent_y_[m[K;
[4.754s]       |                               [01;31m[K^~~~~~~~~~[m[K
[4.764s] [01m[K/home/pkotta/ros2_ws/src/ros-task/workspace/limo_control/limo_controller.cpp:110:13:[m[K [01;31m[Kerror: [m[Kâ€˜[01m[Kcmd_vel_pub_[m[Kâ€™ was not declared in this scope; did you mean â€˜[01m[Kcmd_vel_msg[m[Kâ€™?
[4.764s]   110 |             [01;31m[Kcmd_vel_pub_[m[K->publish(cmd_vel_msg);
[4.764s]       |             [01;31m[K^~~~~~~~~~~~[m[K
[4.765s]       |             [32m[Kcmd_vel_msg[m[K
[4.775s] [01m[K/home/pkotta/ros2_ws/src/ros-task/workspace/limo_control/limo_controller.cpp:149:9:[m[K [01;31m[Kerror: [m[Kâ€˜[01m[Kcmd_vel_pub_[m[Kâ€™ was not declared in this scope; did you mean â€˜[01m[Kcmd_vel_msg[m[Kâ€™?
[4.775s]   149 |         [01;31m[Kcmd_vel_pub_[m[K->publish(cmd_vel_msg);
[4.776s]       |         [01;31m[K^~~~~~~~~~~~[m[K
[4.776s]       |         [32m[Kcmd_vel_msg[m[K
[4.776s] [01m[K/home/pkotta/ros2_ws/src/ros-task/workspace/limo_control/limo_controller.cpp:[m[K At global scope:
[4.777s] [01m[K/home/pkotta/ros2_ws/src/ros-task/workspace/limo_control/limo_controller.cpp:220:1:[m[K [01;31m[Kerror: [m[Kexpected unqualified-id before â€˜[01m[Kprivate[m[Kâ€™
[4.777s]   220 | [01;31m[Kprivate[m[K:
[4.777s]       | [01;31m[K^~~~~~~[m[K
[4.777s] [01m[K/home/pkotta/ros2_ws/src/ros-task/workspace/limo_control/limo_controller.cpp:233:1:[m[K [01;31m[Kerror: [m[Kexpected declaration before â€˜[01m[K}[m[Kâ€™ token
[4.777s]   233 | [01;31m[K}[m[K;
[4.777s]       | [01;31m[K^[m[K
[8.665s] gmake[2]: *** [CMakeFiles/limo_control.dir/build.make:76: CMakeFiles/limo_control.dir/limo_controller.cpp.o] Error 1
[8.667s] gmake[1]: *** [CMakeFiles/Makefile2:137: CMakeFiles/limo_control.dir/all] Error 2
[8.667s] gmake: *** [Makefile:146: all] Error 2
[8.676s] Invoked command in '/home/pkotta/ros2_ws/src/ros-task/build/limo_control' returned '2': CMAKE_PREFIX_PATH=/opt/ros/humble /usr/bin/cmake --build /home/pkotta/ros2_ws/src/ros-task/build/limo_control -- -j20 -l20
